#
# A fatal error has been detected by the Java Runtime Environment:
#
#  EXCEPTION_ACCESS_VIOLATION (0xc0000005) at pc=0x000000018019cb4b, pid=1268, tid=2924
#
# JRE version: Java(TM) SE Runtime Environment (8.0_40-b25) (build 1.8.0_40-b25)
# Java VM: Java HotSpot(TM) 64-Bit Server VM (25.40-b25 mixed mode windows-amd64 compressed oops)
# Problematic frame:
# C  [ig4icd64.dll+0x19cb4b]
#
# Failed to write core dump. Minidumps are not enabled by default on client versions of Windows
#
# If you would like to submit a bug report, please visit:
#   http://bugreport.java.com/bugreport/crash.jsp
# The crash happened outside the Java Virtual Machine in native code.
# See problematic frame for where to report the bug.
#

---------------  T H R E A D  ---------------

Current thread (0x0000000056eca800):  JavaThread "Game" [_thread_in_native, id=2924, stack(0x0000000056120000,0x0000000056220000)]

siginfo: ExceptionCode=0xc0000005, reading address 0x0000000000000010

Registers:
RAX=0x0000000000000001, RBX=0x00000000593f1138, RCX=0x00000000574e0088, RDX=0x0000000000000000
RSP=0x000000005621ee00, RBP=0x00000000593f10e0, RSI=0x00000000574e0088, RDI=0x000000000000001f
R8 =0x0000000000000000, R9 =0x0000000000000001, R10=0x000000005939bb30, R11=0x000000000000001b
R12=0x00000000574e0088, R13=0x0000000054c3a8b8, R14=0x000000005621f020, R15=0x0000000056eca800
RIP=0x000000018019cb4b, EFLAGS=0x0000000000010246

Top of Stack: (sp=0x000000005621ee00)
0x000000005621ee00:   00000000593faff0 00000000593faff0
0x000000005621ee10:   0000000000000008 0000000000000000
0x000000005621ee20:   0000000000000000 00000001800554d9
0x000000005621ee30:   000000005759e6f0 0000000000000002
0x000000005621ee40:   0000000000000010 0000000000000000
0x000000005621ee50:   00000000574e0088 0000000180067c62
0x000000005621ee60:   0000000000000000 0000000000000000
0x000000005621ee70:   00000000000008b8 0000000000000000
0x000000005621ee80:   0000000000490100 000000018042844a
0x000000005621ee90:   0000000000416570 000007ffffef0000
0x000000005621eea0:   fffffffffffffffe 000007fef5fc41c6
0x000000005621eeb0:   0000000000000000 000007fef5fc8c50
0x000000005621eec0:   0000000000010000 0000000000010000
0x000000005621eed0:   000000005621eff8 0000000000000108
0x000000005621eee0:   0000000000420160 000007fef60cb76b
0x000000005621eef0:   000000005621eff8 0000000000000108 

Instructions: (pc=0x000000018019cb4b)
0x000000018019cb2b:   8d 5a 58 bf 1f 00 00 00 4c 8b 13 45 8b 4a 08 45
0x000000018019cb3b:   85 c9 74 43 4c 8b 86 60 ce 00 00 33 d2 41 8b c1
0x000000018019cb4b:   41 f7 70 10 49 8b 40 28 48 8b 14 d0 48 85 d2 74
0x000000018019cb5b:   26 0f 1f 40 00 44 39 4a 08 74 0a 48 8b 12 48 85 


Register to memory mapping:

RAX=0x0000000000000001 is an unknown value
RBX=0x00000000593f1138 is an unknown value
RCX=0x00000000574e0088 is an unknown value
RDX=0x0000000000000000 is an unknown value
RSP=0x000000005621ee00 is pointing into the stack for thread: 0x0000000056eca800
RBP=0x00000000593f10e0 is an unknown value
RSI=0x00000000574e0088 is an unknown value
RDI=0x000000000000001f is an unknown value
R8 =0x0000000000000000 is an unknown value
R9 =0x0000000000000001 is an unknown value
R10=0x000000005939bb30 is an unknown value
R11=0x000000000000001b is an unknown value
R12=0x00000000574e0088 is an unknown value
R13={method} {0x0000000054c3a8c0} 'nglfwDestroyWindow' '(J)V' in 'org/lwjgl/glfw/GLFW'
R14=0x000000005621f020 is pointing into the stack for thread: 0x0000000056eca800
R15=0x0000000056eca800 is a thread


Stack: [0x0000000056120000,0x0000000056220000],  sp=0x000000005621ee00,  free space=1019k
Native frames: (J=compiled Java code, j=interpreted, Vv=VM code, C=native code)
C  [ig4icd64.dll+0x19cb4b]
C  [ig4icd64.dll+0x554d9]
C  [ig4icd64.dll+0x67c62]
C  [ig4icd64.dll+0x42844a]
C  [OPENGL32.dll+0x28c50]
C  [lwjgl.dll+0xb76b]
C  [lwjgl.dll+0x990f]
C  [lwjgl.dll+0x6b5a]
C  0x0000000002a85e14

Java frames: (J=compiled Java code, j=interpreted, Vv=VM code)
j  org.lwjgl.glfw.GLFW.nglfwDestroyWindow(J)V+0
j  org.lwjgl.glfw.GLFW.glfwDestroyWindow(J)V+12
j  Penguin.Main.run()V+162
j  java.lang.Thread.run()V+11
v  ~StubRoutines::call_stub

---------------  P R O C E S S  ---------------

Java Threads: ( => current thread )
  0x000000005abce800 JavaThread "Java2D Disposer" daemon [_thread_blocked, id=3240, stack(0x000000005b9e0000,0x000000005bae0000)]
  0x000000000258d800 JavaThread "DestroyJavaVM" [_thread_blocked, id=2880, stack(0x00000000026a0000,0x00000000027a0000)]
=>0x0000000056eca800 JavaThread "Game" [_thread_in_native, id=2924, stack(0x0000000056120000,0x0000000056220000)]
  0x0000000056e4c800 JavaThread "Service Thread" daemon [_thread_blocked, id=4420, stack(0x0000000057210000,0x0000000057310000)]
  0x000000005522e800 JavaThread "C1 CompilerThread2" daemon [_thread_blocked, id=4264, stack(0x0000000056cc0000,0x0000000056dc0000)]
  0x000000005522d800 JavaThread "C2 CompilerThread1" daemon [_thread_blocked, id=5012, stack(0x0000000056540000,0x0000000056640000)]
  0x0000000055224000 JavaThread "C2 CompilerThread0" daemon [_thread_blocked, id=4436, stack(0x0000000056af0000,0x0000000056bf0000)]
  0x0000000055221000 JavaThread "Attach Listener" daemon [_thread_blocked, id=3896, stack(0x0000000056980000,0x0000000056a80000)]
  0x000000005522a000 JavaThread "Signal Dispatcher" daemon [_thread_blocked, id=2800, stack(0x00000000567d0000,0x00000000568d0000)]
  0x00000000551c6800 JavaThread "Finalizer" daemon [_thread_blocked, id=3196, stack(0x00000000566a0000,0x00000000567a0000)]
  0x00000000551bf800 JavaThread "Reference Handler" daemon [_thread_blocked, id=5056, stack(0x0000000056430000,0x0000000056530000)]

Other Threads:
  0x00000000551bc000 VMThread [stack: 0x0000000056220000,0x0000000056320000] [id=4720]
  0x0000000056e50800 WatcherThread [stack: 0x00000000573e0000,0x00000000574e0000] [id=4684]

VM state:not at safepoint (normal execution)

VM Mutex/Monitor currently owned by a thread: None

Heap:
 PSYoungGen      total 18944K, used 16254K [0x00000000eb180000, 0x00000000ec680000, 0x0000000100000000)
  eden space 16384K, 83% used [0x00000000eb180000,0x00000000ebee51a8,0x00000000ec180000)
  from space 2560K, 99% used [0x00000000ec180000,0x00000000ec3fa700,0x00000000ec400000)
  to   space 2560K, 0% used [0x00000000ec400000,0x00000000ec400000,0x00000000ec680000)
 ParOldGen       total 44032K, used 1219K [0x00000000c1400000, 0x00000000c3f00000, 0x00000000eb180000)
  object space 44032K, 2% used [0x00000000c1400000,0x00000000c1530f80,0x00000000c3f00000)
 Metaspace       used 9973K, capacity 10142K, committed 10496K, reserved 1058816K
  class space    used 895K, capacity 951K, committed 1024K, reserved 1048576K

Card table byte_map: [0x0000000011e30000,0x0000000012030000] byte_map_base: 0x0000000011826000

Marking Bits: (ParMarkBitMap*) 0x000000006d5c4040
 Begin Bits: [0x00000000126d0000, 0x0000000013680000)
 End Bits:   [0x0000000013680000, 0x0000000014630000)

Polling page: 0x0000000000140000

CodeCache: size=245760Kb used=3284Kb max_used=3289Kb free=242475Kb
 bounds [0x0000000002a70000, 0x0000000002db0000, 0x0000000011a70000]
 total_blobs=1470 nmethods=845 adapters=538
 compilation: enabled

Compilation events (10 events):
Event: 2.814 Thread 0x000000005522e800  841       1       Penguin.level.Level::isGameOver (5 bytes)
Event: 2.814 Thread 0x000000005522e800 nmethod 841 0x0000000002da9fd0 code [0x0000000002daa120, 0x0000000002daa230]
Event: 2.830 Thread 0x000000005522e800  842       1       Penguin.level.Pipe::getX (8 bytes)
Event: 2.831 Thread 0x000000005522e800 nmethod 842 0x0000000002da9cd0 code [0x0000000002da9e20, 0x0000000002da9f30]
Event: 2.831 Thread 0x000000005522e800  843       1       Penguin.level.Pipe::getY (8 bytes)
Event: 2.831 Thread 0x000000005522e800 nmethod 843 0x0000000002da99d0 code [0x0000000002da9b20, 0x0000000002da9c30]
Event: 3.050 Thread 0x000000005522e800  845       1       Penguin.level.Pipe::getHeight (4 bytes)
Event: 3.050 Thread 0x000000005522e800 nmethod 845 0x0000000002da9710 code [0x0000000002da9860, 0x0000000002da9950]
Event: 3.050 Thread 0x000000005522e800  844       1       Penguin.level.Pipe::getWidth (4 bytes)
Event: 3.050 Thread 0x000000005522e800 nmethod 844 0x0000000002da9450 code [0x0000000002da95a0, 0x0000000002da9690]

GC Heap History (2 events):
Event: 0.585 GC heap before
{Heap before GC invocations=1 (full 0):
 PSYoungGen      total 18944K, used 16384K [0x00000000eb180000, 0x00000000ec680000, 0x0000000100000000)
  eden space 16384K, 100% used [0x00000000eb180000,0x00000000ec180000,0x00000000ec180000)
  from space 2560K, 0% used [0x00000000ec400000,0x00000000ec400000,0x00000000ec680000)
  to   space 2560K, 0% used [0x00000000ec180000,0x00000000ec180000,0x00000000ec400000)
 ParOldGen       total 44032K, used 0K [0x00000000c1400000, 0x00000000c3f00000, 0x00000000eb180000)
  object space 44032K, 0% used [0x00000000c1400000,0x00000000c1400000,0x00000000c3f00000)
 Metaspace       used 9730K, capacity 9886K, committed 10240K, reserved 1058816K
  class space    used 883K, capacity 951K, committed 1024K, reserved 1048576K
Event: 0.588 GC heap after
Heap after GC invocations=1 (full 0):
 PSYoungGen      total 18944K, used 2537K [0x00000000eb180000, 0x00000000ec680000, 0x0000000100000000)
  eden space 16384K, 0% used [0x00000000eb180000,0x00000000eb180000,0x00000000ec180000)
  from space 2560K, 99% used [0x00000000ec180000,0x00000000ec3fa700,0x00000000ec400000)
  to   space 2560K, 0% used [0x00000000ec400000,0x00000000ec400000,0x00000000ec680000)
 ParOldGen       total 44032K, used 1219K [0x00000000c1400000, 0x00000000c3f00000, 0x00000000eb180000)
  object space 44032K, 2% used [0x00000000c1400000,0x00000000c1530f80,0x00000000c3f00000)
 Metaspace       used 9730K, capacity 9886K, committed 10240K, reserved 1058816K
  class space    used 883K, capacity 951K, committed 1024K, reserved 1048576K
}

Deoptimization events (6 events):
Event: 0.407 Thread 0x0000000056eca800 Uncommon trap: reason=unstable_if action=reinterpret pc=0x0000000002bfe8e0 method=java.lang.String.indexOf([CII[CIII)I @ 3
Event: 0.660 Thread 0x0000000056eca800 Uncommon trap: reason=unstable_if action=reinterpret pc=0x0000000002cdf6d4 method=sun.awt.image.ByteInterleavedRaster.putByteData(IIII[B)V @ 395
Event: 0.664 Thread 0x0000000056eca800 Uncommon trap: reason=unstable_if action=reinterpret pc=0x0000000002cf142c method=java.awt.image.ComponentColorModel.getRGB(Ljava/lang/Object;)I @ 4
Event: 0.664 Thread 0x0000000056eca800 Uncommon trap: reason=unstable_if action=reinterpret pc=0x0000000002ce0390 method=java.awt.image.ComponentColorModel.getAlpha(Ljava/lang/Object;)I @ 4
Event: 0.664 Thread 0x0000000056eca800 Uncommon trap: reason=unstable_if action=reinterpret pc=0x0000000002cf9374 method=java.awt.image.ComponentColorModel.extractComponent(Ljava/lang/Object;II)I @ 4
Event: 0.667 Thread 0x0000000056eca800 Uncommon trap: reason=unstable_if action=reinterpret pc=0x0000000002d02384 method=java.awt.image.ComponentColorModel.getAlpha(Ljava/lang/Object;)I @ 4

Internal exceptions (9 events):
Event: 0.058 Thread 0x000000000258d800 Exception <a 'java/lang/NoSuchMethodError': Method sun.misc.Unsafe.defineClass(Ljava/lang/String;[BII)Ljava/lang/Class; name or signature does not match> (0x00000000eb18cd58) thrown at [D:\re\workspace\8-2-build-windows-amd64-cygwin\jdk8u40\2855\hotspot\sr@¾}È­?
Event: 0.058 Thread 0x000000000258d800 Exception <a 'java/lang/NoSuchMethodError': Method sun.misc.Unsafe.prefetchRead(Ljava/lang/Object;J)V name or signature does not match> (0x00000000eb18cfe8) thrown at [D:\re\workspace\8-2-build-windows-amd64-cygwin\jdk8u40\2855\hotspot\src\share\vm\prims\jãfhÎ?
Event: 0.238 Thread 0x0000000056eca800 Exception <a 'java/security/PrivilegedActionException'> (0x00000000eb590a50) thrown at [D:\re\workspace\8-2-build-windows-amd64-cygwin\jdk8u40\2855\hotspot\src\share\vm\prims\jvm.cpp, line 1382]
Event: 0.238 Thread 0x0000000056eca800 Exception <a 'java/security/PrivilegedActionException'> (0x00000000eb590d98) thrown at [D:\re\workspace\8-2-build-windows-amd64-cygwin\jdk8u40\2855\hotspot\src\share\vm\prims\jvm.cpp, line 1382]
Event: 0.238 Thread 0x0000000056eca800 Exception <a 'java/security/PrivilegedActionException'> (0x00000000eb594bb0) thrown at [D:\re\workspace\8-2-build-windows-amd64-cygwin\jdk8u40\2855\hotspot\src\share\vm\prims\jvm.cpp, line 1382]
Event: 0.238 Thread 0x0000000056eca800 Exception <a 'java/security/PrivilegedActionException'> (0x00000000eb594ef8) thrown at [D:\re\workspace\8-2-build-windows-amd64-cygwin\jdk8u40\2855\hotspot\src\share\vm\prims\jvm.cpp, line 1382]
Event: 0.393 Thread 0x0000000056eca800 Exception <a 'java/io/FileNotFoundException'> (0x00000000ebc2d1e0) thrown at [D:\re\workspace\8-2-build-windows-amd64-cygwin\jdk8u40\2855\hotspot\src\share\vm\prims\jni.cpp, line 709]
Event: 0.484 Thread 0x0000000056eca800 Exception <a 'java/lang/NoSuchFieldError': method resolution failed> (0x00000000ebd5f110) thrown at [D:\re\workspace\8-2-build-windows-amd64-cygwin\jdk8u40\2855\hotspot\src\share\vm\prims\methodHandles.cpp, line 1125]
Event: 0.488 Thread 0x0000000056eca800 Exception <a 'java/lang/NoSuchFieldError': method resolution failed> (0x00000000ebd6d8e0) thrown at [D:\re\workspace\8-2-build-windows-amd64-cygwin\jdk8u40\2855\hotspot\src\share\vm\prims\methodHandles.cpp, line 1125]

Events (10 events):
Event: 0.664 Thread 0x0000000056eca800 DEOPT UNPACKING pc=0x0000000002ab582a sp=0x000000005621e980 mode 2
Event: 0.667 Thread 0x0000000056eca800 DEOPT PACKING pc=0x0000000002cfc11d sp=0x000000005621eb80
Event: 0.667 Thread 0x0000000056eca800 DEOPT UNPACKING pc=0x0000000002ab787f sp=0x000000005621e8e8 mode 0
Event: 0.667 Thread 0x0000000056eca800 Uncommon trap: trap_request=0xffffff65 fr.pc=0x0000000002d02384
Event: 0.667 Thread 0x0000000056eca800 DEOPT PACKING pc=0x0000000002d02384 sp=0x000000005621ebb0
Event: 0.667 Thread 0x0000000056eca800 DEOPT UNPACKING pc=0x0000000002ab582a sp=0x000000005621ea48 mode 2
Event: 1.866 loading class java/nio/DirectByteBuffer$1
Event: 1.866 loading class java/nio/DirectByteBuffer$1 done
Event: 2.627 Thread 0x0000000056eca800 DEOPT PACKING pc=0x0000000002d6dc9a sp=0x000000005621eaa0
Event: 2.627 Thread 0x0000000056eca800 DEOPT UNPACKING pc=0x0000000002ab787f sp=0x000000005621e7b8 mode 0


Dynamic libraries:
0x000000013fdd0000 - 0x000000013fe07000 	C:\Program Files\Java\jre1.8.0_40\bin\javaw.exe
0x0000000077200000 - 0x00000000773a9000 	C:\windows\SYSTEM32\ntdll.dll
0x0000000077060000 - 0x000000007717f000 	C:\windows\system32\kernel32.dll
0x000007fefd110000 - 0x000007fefd17c000 	C:\windows\system32\KERNELBASE.dll
0x000007fefd400000 - 0x000007fefd4db000 	C:\windows\system32\ADVAPI32.dll
0x000007fefd880000 - 0x000007fefd91f000 	C:\windows\system32\msvcrt.dll
0x000007fefe6b0000 - 0x000007fefe6cf000 	C:\windows\SYSTEM32\sechost.dll
0x000007fefedf0000 - 0x000007fefef1d000 	C:\windows\system32\RPCRT4.dll
0x0000000076f60000 - 0x000000007705a000 	C:\windows\system32\USER32.dll
0x000007feff4a0000 - 0x000007feff507000 	C:\windows\system32\GDI32.dll
0x000007fefede0000 - 0x000007fefedee000 	C:\windows\system32\LPK.dll
0x000007fefea20000 - 0x000007fefeae9000 	C:\windows\system32\USP10.dll
0x000007fefb9f0000 - 0x000007fefbbe4000 	C:\windows\WinSxS\amd64_microsoft.windows.common-controls_6595b64144ccf1df_6.0.7601.17514_none_fa396087175ac9ac\COMCTL32.dll
0x000007fefd6f0000 - 0x000007fefd761000 	C:\windows\system32\SHLWAPI.dll
0x000007fefe9a0000 - 0x000007fefe9ce000 	C:\windows\system32\IMM32.DLL
0x000007fefd770000 - 0x000007fefd879000 	C:\windows\system32\MSCTF.dll
0x00000000743e0000 - 0x0000000074418000 	C:\PROGRA~2\Sophos\SOPHOS~1\SOPHOS~2.DLL
0x00000000773c0000 - 0x00000000773c7000 	C:\windows\system32\PSAPI.DLL
0x00000000711f0000 - 0x00000000712c2000 	C:\Program Files\Java\jre1.8.0_40\bin\msvcr100.dll
0x000000006cdc0000 - 0x000000006d643000 	C:\Program Files\Java\jre1.8.0_40\bin\server\jvm.dll
0x000007fef62f0000 - 0x000007fef62f9000 	C:\windows\system32\WSOCK32.dll
0x000007fefe9d0000 - 0x000007fefea1d000 	C:\windows\system32\WS2_32.dll
0x000007feff3f0000 - 0x000007feff3f8000 	C:\windows\system32\NSI.dll
0x000007fefac50000 - 0x000007fefac8b000 	C:\windows\system32\WINMM.dll
0x000007fefc1c0000 - 0x000007fefc1cc000 	C:\windows\system32\VERSION.dll
0x0000000072c70000 - 0x0000000072c7f000 	C:\Program Files\Java\jre1.8.0_40\bin\verify.dll
0x0000000072c40000 - 0x0000000072c69000 	C:\Program Files\Java\jre1.8.0_40\bin\java.dll
0x0000000072c20000 - 0x0000000072c36000 	C:\Program Files\Java\jre1.8.0_40\bin\zip.dll
0x000007fefd920000 - 0x000007fefe6a9000 	C:\windows\system32\SHELL32.dll
0x000007fefd4e0000 - 0x000007fefd6e3000 	C:\windows\system32\ole32.dll
0x000007fefd040000 - 0x000007fefd04f000 	C:\windows\system32\profapi.dll
0x000007fef60c0000 - 0x000007fef6142000 	D:\DaveProject\LWJGL 3\native\lwjgl.dll
0x000007fef5fa0000 - 0x000007fef60bd000 	C:\windows\system32\OPENGL32.dll
0x000007fefa2e0000 - 0x000007fefa30d000 	C:\windows\system32\GLU32.dll
0x000007fef5ea0000 - 0x000007fef5f91000 	C:\windows\system32\DDRAW.dll
0x000007fefa2d0000 - 0x000007fefa2d8000 	C:\windows\system32\DCIMAN32.dll
0x000007feff210000 - 0x000007feff3e7000 	C:\windows\system32\SETUPAPI.dll
0x000007fefd0b0000 - 0x000007fefd0e6000 	C:\windows\system32\CFGMGR32.dll
0x000007fefed00000 - 0x000007fefedd7000 	C:\windows\system32\OLEAUT32.dll
0x000007fefd090000 - 0x000007fefd0aa000 	C:\windows\system32\DEVOBJ.dll
0x000007fefb430000 - 0x000007fefb448000 	C:\windows\system32\dwmapi.dll
0x000007fefb990000 - 0x000007fefb9e6000 	C:\windows\system32\uxtheme.dll
0x000007fef34b0000 - 0x000007fef352f000 	C:\Program Files\Common Files\microsoft shared\ink\tiptsf.dll
0x0000000180000000 - 0x00000001812d3000 	C:\windows\system32\ig4icd64.dll
0x000007fefcee0000 - 0x000007fefceef000 	C:\windows\system32\CRYPTBASE.dll
0x000007feff400000 - 0x000007feff499000 	C:\windows\system32\CLBCatQ.DLL
0x000007fef96d0000 - 0x000007fef9724000 	C:\windows\system32\oleacc.dll
0x00000000706b0000 - 0x0000000070848000 	C:\Program Files\Java\jre1.8.0_40\bin\awt.dll
0x000007fefc840000 - 0x000007fefc858000 	C:\windows\system32\CRYPTSP.dll
0x000007fefc540000 - 0x000007fefc587000 	C:\windows\system32\rsaenh.dll
0x000007fefd230000 - 0x000007fefd24e000 	C:\windows\system32\USERENV.dll
0x0000000072c00000 - 0x0000000072c1a000 	C:\Program Files\Java\jre1.8.0_40\bin\net.dll
0x000007fefa030000 - 0x000007fefa05d000 	C:\ProgramData\Sophos\Web Intelligence\swi_ifslsp_64.dll
0x000007fefc7e0000 - 0x000007fefc835000 	C:\windows\system32\mswsock.dll
0x000007fefc7d0000 - 0x000007fefc7d7000 	C:\windows\System32\wship6.dll
0x000007fefbd30000 - 0x000007fefbd57000 	C:\windows\system32\IPHLPAPI.DLL
0x000007fefc1b0000 - 0x000007fefc1bb000 	C:\windows\system32\WINNSI.DLL
0x000007fefa3c0000 - 0x000007fefa3d1000 	C:\windows\system32\dhcpcsvc6.DLL
0x000007fefa3a0000 - 0x000007fefa3b8000 	C:\windows\system32\dhcpcsvc.DLL
0x0000000072be0000 - 0x0000000072bf1000 	C:\Program Files\Java\jre1.8.0_40\bin\nio.dll
0x00000000711b0000 - 0x00000000711e1000 	C:\Program Files\Java\jre1.8.0_40\bin\jpeg.dll
0x0000000071170000 - 0x00000000711ad000 	C:\Program Files\Java\jre1.8.0_40\bin\lcms.dll
0x000007fef6ca0000 - 0x000007fef6dc5000 	C:\windows\system32\dbghelp.dll

VM Arguments:
jvm_args: -Djava.library.path=D:\DaveProject\LWJGL 3\native -Dfile.encoding=Cp1252 
java_command: Penguin.Main
java_class_path (initial): D:\DaveProject\Workspace\PenguinBear\bin;D:\DaveProject\LWJGL 3\jar\lwjgl.jar
Launcher Type: SUN_STANDARD

Environment Variables:
JAVA_HOME=C:\Program Files\Java\jdk1.8.0_11
PATH=C:/Program Files/Java/jre1.8.0_40/bin/server;C:/Program Files/Java/jre1.8.0_40/bin;C:/Program Files/Java/jre1.8.0_40/lib/amd64;C:\ProgramData\Oracle\Java\javapath;C:\windows\system32;C:\windows;C:\windows\System32\Wbem;C:\windows\System32\WindowsPowerShell\v1.0\;c:\Program Files (x86)\Microsoft SQL Server\100\Tools\Binn\;c:\Program Files\Microsoft SQL Server\100\Tools\Binn\;c:\Program Files\Microsoft SQL Server\100\DTS\Binn\;C:\Go\bin;C:\Program Files\MATLAB\R2014a\bin;C:\Program files (x86)\MATLAB\R2009b\bin;C:\Program Files (x86)\Common Files\Propellerhead Software\ReWire\;C:\Program Files\Common Files\Propellerhead Software\ReWire\;D:\DaveProject\eclipse;
USERNAME=12002874
OS=Windows_NT
PROCESSOR_IDENTIFIER=Intel64 Family 6 Model 42 Stepping 7, GenuineIntel



---------------  S Y S T E M  ---------------

OS: Windows 7 , 64 bit Build 7601 (6.1.7601.18409)

CPU:total 4 (2 cores per cpu, 2 threads per core) family 6 model 42 stepping 7, cmov, cx8, fxsr, mmx, sse, sse2, sse3, ssse3, sse4.1, sse4.2, popcnt, avx, clmul, ht, tsc, tscinvbit

Memory: 4k page, physical 4104836k(2177924k free), swap 8207816k(5968776k free)

vm_info: Java HotSpot(TM) 64-Bit Server VM (25.40-b25) for windows-amd64 JRE (1.8.0_40-b25), built on Feb 10 2015 21:53:57 by "java_re" with MS VC++ 10.0 (VS2010)

time: Thu May 07 10:22:40 2015
elapsed time: 3 seconds (0d 0h 0m 3s)

