#
# A fatal error has been detected by the Java Runtime Environment:
#
#  EXCEPTION_ACCESS_VIOLATION (0xc0000005) at pc=0x000000018019cb4b, pid=2220, tid=4760
#
# JRE version: Java(TM) SE Runtime Environment (8.0_40-b25) (build 1.8.0_40-b25)
# Java VM: Java HotSpot(TM) 64-Bit Server VM (25.40-b25 mixed mode windows-amd64 compressed oops)
# Problematic frame:
# C  [ig4icd64.dll+0x19cb4b]
#
# Failed to write core dump. Minidumps are not enabled by default on client versions of Windows
#
# If you would like to submit a bug report, please visit:
#   http://bugreport.java.com/bugreport/crash.jsp
# The crash happened outside the Java Virtual Machine in native code.
# See problematic frame for where to report the bug.
#

---------------  T H R E A D  ---------------

Current thread (0x0000000056a2e000):  JavaThread "Game" [_thread_in_native, id=4760, stack(0x00000000573f0000,0x00000000574f0000)]

siginfo: ExceptionCode=0xc0000005, reading address 0x0000000000000010

Registers:
RAX=0x0000000000000001, RBX=0x00000000593b1138, RCX=0x0000000057110088, RDX=0x0000000000000000
RSP=0x00000000574eecc0, RBP=0x00000000593b10e0, RSI=0x0000000057110088, RDI=0x000000000000001f
R8 =0x0000000000000000, R9 =0x0000000000000001, R10=0x000000005935bb30, R11=0x000000000000001b
R12=0x0000000057110088, R13=0x0000000054bda8b8, R14=0x00000000574eeee0, R15=0x0000000056a2e000
RIP=0x000000018019cb4b, EFLAGS=0x0000000000010246

Top of Stack: (sp=0x00000000574eecc0)
0x00000000574eecc0:   00000000593baff0 00000000593baff0
0x00000000574eecd0:   0000000000000008 0000000000000000
0x00000000574eece0:   0000000000000000 00000001800554d9
0x00000000574eecf0:   00000000571ce6f0 0000000000000002
0x00000000574eed00:   0000000000000010 0000000000000000
0x00000000574eed10:   0000000057110088 0000000180067c62
0x00000000574eed20:   0000000000000000 0000000000000000
0x00000000574eed30:   00000000000008b8 0000000000000000
0x00000000574eed40:   00000000002b0100 000000018042844a
0x00000000574eed50:   0000000000236570 000007ffffef0000
0x00000000574eed60:   fffffffffffffffe 000007feefff41c6
0x00000000574eed70:   0000000000000000 000007feefff8c50
0x00000000574eed80:   0000000000010000 0000000000010000
0x00000000574eed90:   00000000574eeeb8 0000000000000108
0x00000000574eeda0:   0000000000240160 000007fef00fb76b
0x00000000574eedb0:   00000000574eeeb8 0000000000000108 

Instructions: (pc=0x000000018019cb4b)
0x000000018019cb2b:   8d 5a 58 bf 1f 00 00 00 4c 8b 13 45 8b 4a 08 45
0x000000018019cb3b:   85 c9 74 43 4c 8b 86 60 ce 00 00 33 d2 41 8b c1
0x000000018019cb4b:   41 f7 70 10 49 8b 40 28 48 8b 14 d0 48 85 d2 74
0x000000018019cb5b:   26 0f 1f 40 00 44 39 4a 08 74 0a 48 8b 12 48 85 


Register to memory mapping:

RAX=0x0000000000000001 is an unknown value
RBX=0x00000000593b1138 is an unknown value
RCX=0x0000000057110088 is an unknown value
RDX=0x0000000000000000 is an unknown value
RSP=0x00000000574eecc0 is pointing into the stack for thread: 0x0000000056a2e000
RBP=0x00000000593b10e0 is an unknown value
RSI=0x0000000057110088 is an unknown value
RDI=0x000000000000001f is an unknown value
R8 =0x0000000000000000 is an unknown value
R9 =0x0000000000000001 is an unknown value
R10=0x000000005935bb30 is an unknown value
R11=0x000000000000001b is an unknown value
R12=0x0000000057110088 is an unknown value
R13={method} {0x0000000054bda8c0} 'nglfwDestroyWindow' '(J)V' in 'org/lwjgl/glfw/GLFW'
R14=0x00000000574eeee0 is pointing into the stack for thread: 0x0000000056a2e000
R15=0x0000000056a2e000 is a thread


Stack: [0x00000000573f0000,0x00000000574f0000],  sp=0x00000000574eecc0,  free space=1019k
Native frames: (J=compiled Java code, j=interpreted, Vv=VM code, C=native code)
C  [ig4icd64.dll+0x19cb4b]
C  [ig4icd64.dll+0x554d9]
C  [ig4icd64.dll+0x67c62]
C  [ig4icd64.dll+0x42844a]
C  [OPENGL32.dll+0x28c50]
C  [lwjgl.dll+0xb76b]
C  [lwjgl.dll+0x990f]
C  [lwjgl.dll+0x6b5a]
C  0x00000000028c5e14

Java frames: (J=compiled Java code, j=interpreted, Vv=VM code)
j  org.lwjgl.glfw.GLFW.nglfwDestroyWindow(J)V+0
j  org.lwjgl.glfw.GLFW.glfwDestroyWindow(J)V+12
j  Penguin.Main.run()V+162
j  java.lang.Thread.run()V+11
v  ~StubRoutines::call_stub

---------------  P R O C E S S  ---------------

Java Threads: ( => current thread )
  0x0000000056a2f800 JavaThread "Java2D Disposer" daemon [_thread_blocked, id=4768, stack(0x000000005bd00000,0x000000005be00000)]
  0x0000000056a2f000 JavaThread "DestroyJavaVM" [_thread_blocked, id=1048, stack(0x00000000023f0000,0x00000000024f0000)]
=>0x0000000056a2e000 JavaThread "Game" [_thread_in_native, id=4760, stack(0x00000000573f0000,0x00000000574f0000)]
  0x0000000056a2d800 JavaThread "Service Thread" daemon [_thread_blocked, id=4744, stack(0x0000000057010000,0x0000000057110000)]
  0x00000000569b4800 JavaThread "C1 CompilerThread2" daemon [_thread_blocked, id=496, stack(0x0000000056f10000,0x0000000057010000)]
  0x00000000551ca800 JavaThread "C2 CompilerThread1" daemon [_thread_blocked, id=2024, stack(0x00000000565c0000,0x00000000566c0000)]
  0x00000000551c3000 JavaThread "C2 CompilerThread0" daemon [_thread_blocked, id=2008, stack(0x00000000568b0000,0x00000000569b0000)]
  0x00000000551c1000 JavaThread "Attach Listener" daemon [_thread_blocked, id=4416, stack(0x0000000056740000,0x0000000056840000)]
  0x00000000551cc000 JavaThread "Signal Dispatcher" daemon [_thread_blocked, id=4356, stack(0x00000000564a0000,0x00000000565a0000)]
  0x0000000055166800 JavaThread "Finalizer" daemon [_thread_blocked, id=4676, stack(0x0000000056250000,0x0000000056350000)]
  0x000000005515f800 JavaThread "Reference Handler" daemon [_thread_blocked, id=4604, stack(0x0000000056350000,0x0000000056450000)]

Other Threads:
  0x000000005515c000 VMThread [stack: 0x00000000560e0000,0x00000000561e0000] [id=4572]
  0x0000000056a40800 WatcherThread [stack: 0x0000000057290000,0x0000000057390000] [id=3900]

VM state:not at safepoint (normal execution)

VM Mutex/Monitor currently owned by a thread: None

Heap:
 PSYoungGen      total 18944K, used 9936K [0x00000000eb180000, 0x00000000ec680000, 0x0000000100000000)
  eden space 16384K, 45% used [0x00000000eb180000,0x00000000eb8b7438,0x00000000ec180000)
  from space 2560K, 99% used [0x00000000ec180000,0x00000000ec3fcd58,0x00000000ec400000)
  to   space 2560K, 0% used [0x00000000ec400000,0x00000000ec400000,0x00000000ec680000)
 ParOldGen       total 44032K, used 1242K [0x00000000c1400000, 0x00000000c3f00000, 0x00000000eb180000)
  object space 44032K, 2% used [0x00000000c1400000,0x00000000c1536948,0x00000000c3f00000)
 Metaspace       used 9977K, capacity 10142K, committed 10496K, reserved 1058816K
  class space    used 894K, capacity 951K, committed 1024K, reserved 1048576K

Card table byte_map: [0x0000000011c70000,0x0000000011e70000] byte_map_base: 0x0000000011666000

Marking Bits: (ParMarkBitMap*) 0x000000006d5c4040
 Begin Bits: [0x0000000012670000, 0x0000000013620000)
 End Bits:   [0x0000000013620000, 0x00000000145d0000)

Polling page: 0x0000000000440000

CodeCache: size=245760Kb used=3158Kb max_used=3158Kb free=242601Kb
 bounds [0x00000000028b0000, 0x0000000002bd0000, 0x00000000118b0000]
 total_blobs=1423 nmethods=798 adapters=538
 compilation: enabled

Compilation events (10 events):
Event: 1.656 Thread 0x00000000569b4800  793       3       java.lang.Integer::toString (48 bytes)
Event: 1.657 Thread 0x00000000569b4800 nmethod 793 0x0000000002bbb950 code [0x0000000002bbbb20, 0x0000000002bbc168]
Event: 1.657 Thread 0x00000000569b4800  794       3       Penguin.Main::render (36 bytes)
Event: 1.658 Thread 0x00000000569b4800 nmethod 794 0x0000000002bba090 code [0x0000000002bba340, 0x0000000002bbb018]
Event: 1.658 Thread 0x00000000569b4800  795       3       org.lwjgl.opengl.GL11::glClear (24 bytes)
Event: 1.658 Thread 0x00000000569b4800 nmethod 795 0x0000000002bb94d0 code [0x0000000002bb96a0, 0x0000000002bb9cf8]
Event: 1.658 Thread 0x00000000569b4800  796       3       Penguin.level.Bird::render (52 bytes)
Event: 1.661 Thread 0x00000000569b4800 nmethod 796 0x0000000002bc76d0 code [0x0000000002bc7b20, 0x0000000002bc96e8]
Event: 1.661 Thread 0x00000000569b4800  797       3       org.lwjgl.glfw.GLFW::glfwWindowShouldClose (16 bytes)
Event: 1.661 Thread 0x00000000569b4800 nmethod 797 0x0000000002bb8f50 code [0x0000000002bb90e0, 0x0000000002bb9398]

GC Heap History (2 events):
Event: 0.657 GC heap before
{Heap before GC invocations=1 (full 0):
 PSYoungGen      total 18944K, used 16384K [0x00000000eb180000, 0x00000000ec680000, 0x0000000100000000)
  eden space 16384K, 100% used [0x00000000eb180000,0x00000000ec180000,0x00000000ec180000)
  from space 2560K, 0% used [0x00000000ec400000,0x00000000ec400000,0x00000000ec680000)
  to   space 2560K, 0% used [0x00000000ec180000,0x00000000ec180000,0x00000000ec400000)
 ParOldGen       total 44032K, used 0K [0x00000000c1400000, 0x00000000c3f00000, 0x00000000eb180000)
  object space 44032K, 0% used [0x00000000c1400000,0x00000000c1400000,0x00000000c3f00000)
 Metaspace       used 9736K, capacity 9886K, committed 10240K, reserved 1058816K
  class space    used 883K, capacity 951K, committed 1024K, reserved 1048576K
Event: 0.662 GC heap after
Heap after GC invocations=1 (full 0):
 PSYoungGen      total 18944K, used 2547K [0x00000000eb180000, 0x00000000ec680000, 0x0000000100000000)
  eden space 16384K, 0% used [0x00000000eb180000,0x00000000eb180000,0x00000000ec180000)
  from space 2560K, 99% used [0x00000000ec180000,0x00000000ec3fcd58,0x00000000ec400000)
  to   space 2560K, 0% used [0x00000000ec400000,0x00000000ec400000,0x00000000ec680000)
 ParOldGen       total 44032K, used 1242K [0x00000000c1400000, 0x00000000c3f00000, 0x00000000eb180000)
  object space 44032K, 2% used [0x00000000c1400000,0x00000000c1536948,0x00000000c3f00000)
 Metaspace       used 9736K, capacity 9886K, committed 10240K, reserved 1058816K
  class space    used 883K, capacity 951K, committed 1024K, reserved 1048576K
}

Deoptimization events (6 events):
Event: 0.491 Thread 0x0000000056a2e000 Uncommon trap: reason=unstable_if action=reinterpret pc=0x0000000002a3d820 method=java.lang.String.indexOf([CII[CIII)I @ 3
Event: 0.736 Thread 0x0000000056a2e000 Uncommon trap: reason=unstable_if action=reinterpret pc=0x0000000002b0f314 method=sun.awt.image.ByteInterleavedRaster.putByteData(IIII[B)V @ 395
Event: 0.741 Thread 0x0000000056a2e000 Uncommon trap: reason=unstable_if action=reinterpret pc=0x0000000002b173ac method=java.awt.image.ComponentColorModel.getRGB(Ljava/lang/Object;)I @ 4
Event: 0.741 Thread 0x0000000056a2e000 Uncommon trap: reason=unstable_if action=reinterpret pc=0x0000000002b15810 method=java.awt.image.ComponentColorModel.getAlpha(Ljava/lang/Object;)I @ 4
Event: 0.742 Thread 0x0000000056a2e000 Uncommon trap: reason=unstable_if action=reinterpret pc=0x0000000002b25bf4 method=java.awt.image.ComponentColorModel.extractComponent(Ljava/lang/Object;II)I @ 4
Event: 0.745 Thread 0x0000000056a2e000 Uncommon trap: reason=unstable_if action=reinterpret pc=0x0000000002b2ec04 method=java.awt.image.ComponentColorModel.getAlpha(Ljava/lang/Object;)I @ 4

Internal exceptions (9 events):
Event: 0.116 Thread 0x000000000045d800 Exception <a 'java/lang/NoSuchMethodError': Method sun.misc.Unsafe.defineClass(Ljava/lang/String;[BII)Ljava/lang/Class; name or signature does not match> (0x00000000eb18cd58) thrown at [D:\re\workspace\8-2-build-windows-amd64-cygwin\jdk8u40\2855\hotspot\srËÎ¸µΩ?
Event: 0.116 Thread 0x000000000045d800 Exception <a 'java/lang/NoSuchMethodError': Method sun.misc.Unsafe.prefetchRead(Ljava/lang/Object;J)V name or signature does not match> (0x00000000eb18cfe8) thrown at [D:\re\workspace\8-2-build-windows-amd64-cygwin\jdk8u40\2855\hotspot\src\share\vm\prims\jJ*ï‚è”?
Event: 0.306 Thread 0x0000000056a2e000 Exception <a 'java/security/PrivilegedActionException'> (0x00000000eb590a50) thrown at [D:\re\workspace\8-2-build-windows-amd64-cygwin\jdk8u40\2855\hotspot\src\share\vm\prims\jvm.cpp, line 1382]
Event: 0.306 Thread 0x0000000056a2e000 Exception <a 'java/security/PrivilegedActionException'> (0x00000000eb590d98) thrown at [D:\re\workspace\8-2-build-windows-amd64-cygwin\jdk8u40\2855\hotspot\src\share\vm\prims\jvm.cpp, line 1382]
Event: 0.307 Thread 0x0000000056a2e000 Exception <a 'java/security/PrivilegedActionException'> (0x00000000eb594bb0) thrown at [D:\re\workspace\8-2-build-windows-amd64-cygwin\jdk8u40\2855\hotspot\src\share\vm\prims\jvm.cpp, line 1382]
Event: 0.307 Thread 0x0000000056a2e000 Exception <a 'java/security/PrivilegedActionException'> (0x00000000eb594ef8) thrown at [D:\re\workspace\8-2-build-windows-amd64-cygwin\jdk8u40\2855\hotspot\src\share\vm\prims\jvm.cpp, line 1382]
Event: 0.477 Thread 0x0000000056a2e000 Exception <a 'java/io/FileNotFoundException'> (0x00000000ebc2d1e0) thrown at [D:\re\workspace\8-2-build-windows-amd64-cygwin\jdk8u40\2855\hotspot\src\share\vm\prims\jni.cpp, line 709]
Event: 0.568 Thread 0x0000000056a2e000 Exception <a 'java/lang/NoSuchFieldError': method resolution failed> (0x00000000ebd5ef98) thrown at [D:\re\workspace\8-2-build-windows-amd64-cygwin\jdk8u40\2855\hotspot\src\share\vm\prims\methodHandles.cpp, line 1125]
Event: 0.571 Thread 0x0000000056a2e000 Exception <a 'java/lang/NoSuchFieldError': method resolution failed> (0x00000000ebd6d768) thrown at [D:\re\workspace\8-2-build-windows-amd64-cygwin\jdk8u40\2855\hotspot\src\share\vm\prims\methodHandles.cpp, line 1125]

Events (10 events):
Event: 0.741 Thread 0x0000000056a2e000 DEOPT PACKING pc=0x0000000002b15810 sp=0x00000000574ee980
Event: 0.741 Thread 0x0000000056a2e000 DEOPT UNPACKING pc=0x00000000028f582a sp=0x00000000574ee8e0 mode 2
Event: 0.742 Thread 0x0000000056a2e000 Uncommon trap: trap_request=0xffffff65 fr.pc=0x0000000002b25bf4
Event: 0.742 Thread 0x0000000056a2e000 DEOPT PACKING pc=0x0000000002b25bf4 sp=0x00000000574ee8f0
Event: 0.742 Thread 0x0000000056a2e000 DEOPT UNPACKING pc=0x00000000028f582a sp=0x00000000574ee840 mode 2
Event: 0.744 Thread 0x0000000056a2e000 DEOPT PACKING pc=0x0000000002b2a81d sp=0x00000000574eea40
Event: 0.744 Thread 0x0000000056a2e000 DEOPT UNPACKING pc=0x00000000028f787f sp=0x00000000574ee7a8 mode 0
Event: 0.745 Thread 0x0000000056a2e000 Uncommon trap: trap_request=0xffffff65 fr.pc=0x0000000002b2ec04
Event: 0.745 Thread 0x0000000056a2e000 DEOPT PACKING pc=0x0000000002b2ec04 sp=0x00000000574eea70
Event: 0.745 Thread 0x0000000056a2e000 DEOPT UNPACKING pc=0x00000000028f582a sp=0x00000000574ee908 mode 2


Dynamic libraries:
0x000000013fb80000 - 0x000000013fbb7000 	C:\Program Files\Java\jre1.8.0_40\bin\javaw.exe
0x0000000077200000 - 0x00000000773a9000 	C:\windows\SYSTEM32\ntdll.dll
0x0000000077060000 - 0x000000007717f000 	C:\windows\system32\kernel32.dll
0x000007fefd110000 - 0x000007fefd17c000 	C:\windows\system32\KERNELBASE.dll
0x000007fefd400000 - 0x000007fefd4db000 	C:\windows\system32\ADVAPI32.dll
0x000007fefd880000 - 0x000007fefd91f000 	C:\windows\system32\msvcrt.dll
0x000007fefe6b0000 - 0x000007fefe6cf000 	C:\windows\SYSTEM32\sechost.dll
0x000007fefedf0000 - 0x000007fefef1d000 	C:\windows\system32\RPCRT4.dll
0x0000000076f60000 - 0x000000007705a000 	C:\windows\system32\USER32.dll
0x000007feff4a0000 - 0x000007feff507000 	C:\windows\system32\GDI32.dll
0x000007fefede0000 - 0x000007fefedee000 	C:\windows\system32\LPK.dll
0x000007fefea20000 - 0x000007fefeae9000 	C:\windows\system32\USP10.dll
0x000007fefb9f0000 - 0x000007fefbbe4000 	C:\windows\WinSxS\amd64_microsoft.windows.common-controls_6595b64144ccf1df_6.0.7601.17514_none_fa396087175ac9ac\COMCTL32.dll
0x000007fefd6f0000 - 0x000007fefd761000 	C:\windows\system32\SHLWAPI.dll
0x000007fefe9a0000 - 0x000007fefe9ce000 	C:\windows\system32\IMM32.DLL
0x000007fefd770000 - 0x000007fefd879000 	C:\windows\system32\MSCTF.dll
0x00000000743e0000 - 0x0000000074418000 	C:\PROGRA~2\Sophos\SOPHOS~1\SOPHOS~2.DLL
0x00000000773c0000 - 0x00000000773c7000 	C:\windows\system32\PSAPI.DLL
0x0000000070770000 - 0x0000000070842000 	C:\Program Files\Java\jre1.8.0_40\bin\msvcr100.dll
0x000000006cdc0000 - 0x000000006d643000 	C:\Program Files\Java\jre1.8.0_40\bin\server\jvm.dll
0x000007fef62f0000 - 0x000007fef62f9000 	C:\windows\system32\WSOCK32.dll
0x000007fefe9d0000 - 0x000007fefea1d000 	C:\windows\system32\WS2_32.dll
0x000007feff3f0000 - 0x000007feff3f8000 	C:\windows\system32\NSI.dll
0x000007fefac50000 - 0x000007fefac8b000 	C:\windows\system32\WINMM.dll
0x000007fefc1c0000 - 0x000007fefc1cc000 	C:\windows\system32\VERSION.dll
0x0000000072c70000 - 0x0000000072c7f000 	C:\Program Files\Java\jre1.8.0_40\bin\verify.dll
0x0000000072c40000 - 0x0000000072c69000 	C:\Program Files\Java\jre1.8.0_40\bin\java.dll
0x0000000072c20000 - 0x0000000072c36000 	C:\Program Files\Java\jre1.8.0_40\bin\zip.dll
0x000007fefd920000 - 0x000007fefe6a9000 	C:\windows\system32\SHELL32.dll
0x000007fefd4e0000 - 0x000007fefd6e3000 	C:\windows\system32\ole32.dll
0x000007fefd040000 - 0x000007fefd04f000 	C:\windows\system32\profapi.dll
0x000007fef00f0000 - 0x000007fef0172000 	D:\DaveProject\LWJGL 3\native\lwjgl.dll
0x000007feeffd0000 - 0x000007fef00ed000 	C:\windows\system32\OPENGL32.dll
0x000007fef7de0000 - 0x000007fef7e0d000 	C:\windows\system32\GLU32.dll
0x000007feef340000 - 0x000007feef431000 	C:\windows\system32\DDRAW.dll
0x000007fefa300000 - 0x000007fefa308000 	C:\windows\system32\DCIMAN32.dll
0x000007feff210000 - 0x000007feff3e7000 	C:\windows\system32\SETUPAPI.dll
0x000007fefd0b0000 - 0x000007fefd0e6000 	C:\windows\system32\CFGMGR32.dll
0x000007fefed00000 - 0x000007fefedd7000 	C:\windows\system32\OLEAUT32.dll
0x000007fefd090000 - 0x000007fefd0aa000 	C:\windows\system32\DEVOBJ.dll
0x000007fefb430000 - 0x000007fefb448000 	C:\windows\system32\dwmapi.dll
0x000007fefb990000 - 0x000007fefb9e6000 	C:\windows\system32\uxtheme.dll
0x000007fef34b0000 - 0x000007fef352f000 	C:\Program Files\Common Files\microsoft shared\ink\tiptsf.dll
0x0000000180000000 - 0x00000001812d3000 	C:\windows\system32\ig4icd64.dll
0x000007fefcee0000 - 0x000007fefceef000 	C:\windows\system32\CRYPTBASE.dll
0x000007feff400000 - 0x000007feff499000 	C:\windows\system32\CLBCatQ.DLL
0x000007fef96d0000 - 0x000007fef9724000 	C:\windows\system32\oleacc.dll
0x00000000705d0000 - 0x0000000070768000 	C:\Program Files\Java\jre1.8.0_40\bin\awt.dll
0x000007fefc840000 - 0x000007fefc858000 	C:\windows\system32\CRYPTSP.dll
0x000007fefc540000 - 0x000007fefc587000 	C:\windows\system32\rsaenh.dll
0x000007fefd230000 - 0x000007fefd24e000 	C:\windows\system32\USERENV.dll
0x0000000072c00000 - 0x0000000072c1a000 	C:\Program Files\Java\jre1.8.0_40\bin\net.dll
0x000007fefa030000 - 0x000007fefa05d000 	C:\ProgramData\Sophos\Web Intelligence\swi_ifslsp_64.dll
0x000007fefc7e0000 - 0x000007fefc835000 	C:\windows\system32\mswsock.dll
0x000007fefc7d0000 - 0x000007fefc7d7000 	C:\windows\System32\wship6.dll
0x000007fefbd30000 - 0x000007fefbd57000 	C:\windows\system32\IPHLPAPI.DLL
0x000007fefc1b0000 - 0x000007fefc1bb000 	C:\windows\system32\WINNSI.DLL
0x000007fefa3c0000 - 0x000007fefa3d1000 	C:\windows\system32\dhcpcsvc6.DLL
0x000007fefa3a0000 - 0x000007fefa3b8000 	C:\windows\system32\dhcpcsvc.DLL
0x0000000072be0000 - 0x0000000072bf1000 	C:\Program Files\Java\jre1.8.0_40\bin\nio.dll
0x00000000708f0000 - 0x0000000070921000 	C:\Program Files\Java\jre1.8.0_40\bin\jpeg.dll
0x0000000070af0000 - 0x0000000070b2d000 	C:\Program Files\Java\jre1.8.0_40\bin\lcms.dll
0x000007fef6ca0000 - 0x000007fef6dc5000 	C:\windows\system32\dbghelp.dll

VM Arguments:
jvm_args: -Djava.library.path=D:\DaveProject\LWJGL 3\native -Dfile.encoding=Cp1252 
java_command: Penguin.Main
java_class_path (initial): D:\DaveProject\Workspace\PenguinBear\bin;D:\DaveProject\LWJGL 3\jar\lwjgl.jar
Launcher Type: SUN_STANDARD

Environment Variables:
JAVA_HOME=C:\Program Files\Java\jdk1.8.0_11
PATH=C:/Program Files/Java/jre1.8.0_40/bin/server;C:/Program Files/Java/jre1.8.0_40/bin;C:/Program Files/Java/jre1.8.0_40/lib/amd64;C:\ProgramData\Oracle\Java\javapath;C:\windows\system32;C:\windows;C:\windows\System32\Wbem;C:\windows\System32\WindowsPowerShell\v1.0\;c:\Program Files (x86)\Microsoft SQL Server\100\Tools\Binn\;c:\Program Files\Microsoft SQL Server\100\Tools\Binn\;c:\Program Files\Microsoft SQL Server\100\DTS\Binn\;C:\Go\bin;C:\Program Files\MATLAB\R2014a\bin;C:\Program files (x86)\MATLAB\R2009b\bin;C:\Program Files (x86)\Common Files\Propellerhead Software\ReWire\;C:\Program Files\Common Files\Propellerhead Software\ReWire\;D:\DaveProject\eclipse;
USERNAME=12002874
OS=Windows_NT
PROCESSOR_IDENTIFIER=Intel64 Family 6 Model 42 Stepping 7, GenuineIntel



---------------  S Y S T E M  ---------------

OS: Windows 7 , 64 bit Build 7601 (6.1.7601.18409)

CPU:total 4 (2 cores per cpu, 2 threads per core) family 6 model 42 stepping 7, cmov, cx8, fxsr, mmx, sse, sse2, sse3, ssse3, sse4.1, sse4.2, popcnt, avx, clmul, ht, tsc, tscinvbit

Memory: 4k page, physical 4104836k(2116316k free), swap 8207816k(5891128k free)

vm_info: Java HotSpot(TM) 64-Bit Server VM (25.40-b25) for windows-amd64 JRE (1.8.0_40-b25), built on Feb 10 2015 21:53:57 by "java_re" with MS VC++ 10.0 (VS2010)

time: Thu May 07 10:12:23 2015
elapsed time: 1 seconds (0d 0h 0m 1s)

